<?xml version="1.0" encoding="UTF-8"?>
<robot generator="Robot 3.1.2 (Python 3.7.4 on win32)" generated="20200113 14:01:30.913" rpa="false">
<suite id="s1" name="Headlessrobot" source="C:\Users\Rahul Bhave Qxf2\code\rahul-qxf2\skype_bots\headlessrobot.robot">
<test id="s1-t1" name="Chrome">
<kw name="Open Browser" library="SeleniumLibrary">
<doc>Opens a new browser instance to the optional ``url``.</doc>
<arguments>
<arg>https://login.live.com/login.srf</arg>
<arg>headlesschrome</arg>
</arguments>
<msg timestamp="20200113 14:01:31.205" level="INFO">Opening browser 'headlesschrome' to base url 'https://login.live.com/login.srf'.</msg>
<status status="PASS" starttime="20200113 14:01:31.205" endtime="20200113 14:01:39.643"></status>
</kw>
<kw name="Wait Until Page Contains" library="SeleniumLibrary">
<doc>Waits until ``text`` appears on the current page.</doc>
<arguments>
<arg>Sign in</arg>
</arguments>
<status status="PASS" starttime="20200113 14:01:39.644" endtime="20200113 14:01:39.806"></status>
</kw>
<kw name="Maximize Browser Window" library="SeleniumLibrary">
<doc>Maximizes current browser window.</doc>
<status status="PASS" starttime="20200113 14:01:39.806" endtime="20200113 14:01:43.958"></status>
</kw>
<kw name="Capture Page Screenshot" library="SeleniumLibrary">
<doc>Takes a screenshot of the current page and embeds it into a log file.</doc>
<msg timestamp="20200113 14:01:44.476" level="INFO" html="yes">&lt;/td&gt;&lt;/tr&gt;&lt;tr&gt;&lt;td colspan="3"&gt;&lt;a href="selenium-screenshot-9.png"&gt;&lt;img src="selenium-screenshot-9.png" width="800px"&gt;&lt;/a&gt;</msg>
<status status="PASS" starttime="20200113 14:01:43.959" endtime="20200113 14:01:44.477"></status>
</kw>
<kw name="Input Text" library="SeleniumLibrary">
<doc>Types the given ``text`` into the text field identified by ``locator``.</doc>
<arguments>
<arg>xpath://input[@class='form-control ltr_override' and @name='loginfmt']</arg>
<arg>test@qxf2.com</arg>
</arguments>
<msg timestamp="20200113 14:01:44.477" level="INFO">Typing text 'test@qxf2.com' into text field 'xpath://input[@class='form-control ltr_override' and @name='loginfmt']'.</msg>
<status status="PASS" starttime="20200113 14:01:44.477" endtime="20200113 14:01:44.580"></status>
</kw>
<kw name="Capture Page Screenshot" library="SeleniumLibrary">
<doc>Takes a screenshot of the current page and embeds it into a log file.</doc>
<msg timestamp="20200113 14:01:44.973" level="INFO" html="yes">&lt;/td&gt;&lt;/tr&gt;&lt;tr&gt;&lt;td colspan="3"&gt;&lt;a href="selenium-screenshot-10.png"&gt;&lt;img src="selenium-screenshot-10.png" width="800px"&gt;&lt;/a&gt;</msg>
<status status="PASS" starttime="20200113 14:01:44.580" endtime="20200113 14:01:44.973"></status>
</kw>
<kw name="Click Button" library="SeleniumLibrary">
<doc>Clicks the button identified by ``locator``.</doc>
<arguments>
<arg>xpath://input[@class='btn btn-block btn-primary' and @id='idSIButton9']</arg>
</arguments>
<msg timestamp="20200113 14:01:44.973" level="INFO">Clicking button 'xpath://input[@class='btn btn-block btn-primary' and @id='idSIButton9']'.</msg>
<status status="PASS" starttime="20200113 14:01:44.973" endtime="20200113 14:01:45.102"></status>
</kw>
<kw name="Capture Page Screenshot" library="SeleniumLibrary">
<doc>Takes a screenshot of the current page and embeds it into a log file.</doc>
<msg timestamp="20200113 14:01:45.852" level="INFO" html="yes">&lt;/td&gt;&lt;/tr&gt;&lt;tr&gt;&lt;td colspan="3"&gt;&lt;a href="selenium-screenshot-11.png"&gt;&lt;img src="selenium-screenshot-11.png" width="800px"&gt;&lt;/a&gt;</msg>
<status status="PASS" starttime="20200113 14:01:45.103" endtime="20200113 14:01:45.853"></status>
</kw>
<kw name="Wait Until Page Contains" library="SeleniumLibrary">
<doc>Waits until ``text`` appears on the current page.</doc>
<arguments>
<arg>Sign in</arg>
</arguments>
<status status="PASS" starttime="20200113 14:01:45.853" endtime="20200113 14:01:45.871"></status>
</kw>
<kw name="Wait Until Element Is Visible" library="SeleniumLibrary">
<doc>Waits until the element ``locator`` is visible.</doc>
<arguments>
<arg>xpath://input[@name='passwd' and @type='password']</arg>
</arguments>
<status status="PASS" starttime="20200113 14:01:45.872" endtime="20200113 14:01:45.931"></status>
</kw>
<kw name="Input Text" library="SeleniumLibrary">
<doc>Types the given ``text`` into the text field identified by ``locator``.</doc>
<arguments>
<arg>xpath://input[@name='passwd' and @type='password']</arg>
<arg>SkypeQxf2!Kxf2</arg>
</arguments>
<msg timestamp="20200113 14:01:45.931" level="INFO">Typing text 'SkypeQxf2!Kxf2' into text field 'xpath://input[@name='passwd' and @type='password']'.</msg>
<status status="PASS" starttime="20200113 14:01:45.931" endtime="20200113 14:01:46.056"></status>
</kw>
<kw name="Capture Page Screenshot" library="SeleniumLibrary">
<doc>Takes a screenshot of the current page and embeds it into a log file.</doc>
<msg timestamp="20200113 14:01:46.554" level="INFO" html="yes">&lt;/td&gt;&lt;/tr&gt;&lt;tr&gt;&lt;td colspan="3"&gt;&lt;a href="selenium-screenshot-12.png"&gt;&lt;img src="selenium-screenshot-12.png" width="800px"&gt;&lt;/a&gt;</msg>
<status status="PASS" starttime="20200113 14:01:46.056" endtime="20200113 14:01:46.554"></status>
</kw>
<kw name="Wait Until Element Is Visible" library="SeleniumLibrary">
<doc>Waits until the element ``locator`` is visible.</doc>
<arguments>
<arg>xpath://input[@class='btn btn-block btn-primary' and @type='submit']</arg>
</arguments>
<status status="PASS" starttime="20200113 14:01:46.554" endtime="20200113 14:01:46.584"></status>
</kw>
<kw name="Click Button" library="SeleniumLibrary">
<doc>Clicks the button identified by ``locator``.</doc>
<arguments>
<arg>xpath://input[@class='btn btn-block btn-primary' and @type='submit']</arg>
</arguments>
<msg timestamp="20200113 14:01:46.584" level="INFO">Clicking button 'xpath://input[@class='btn btn-block btn-primary' and @type='submit']'.</msg>
<status status="PASS" starttime="20200113 14:01:46.584" endtime="20200113 14:01:48.738"></status>
</kw>
<kw name="Capture Page Screenshot" library="SeleniumLibrary">
<doc>Takes a screenshot of the current page and embeds it into a log file.</doc>
<msg timestamp="20200113 14:01:52.921" level="INFO" html="yes">&lt;/td&gt;&lt;/tr&gt;&lt;tr&gt;&lt;td colspan="3"&gt;&lt;a href="selenium-screenshot-13.png"&gt;&lt;img src="selenium-screenshot-13.png" width="800px"&gt;&lt;/a&gt;</msg>
<status status="PASS" starttime="20200113 14:01:48.738" endtime="20200113 14:01:52.921"></status>
</kw>
<kw name="Wait Until Page Contains" library="SeleniumLibrary">
<doc>Waits until ``text`` appears on the current page.</doc>
<arguments>
<arg>Microsoft</arg>
</arguments>
<status status="PASS" starttime="20200113 14:01:52.921" endtime="20200113 14:01:53.027"></status>
</kw>
<kw name="Capture Page Screenshot" library="SeleniumLibrary">
<doc>Takes a screenshot of the current page and embeds it into a log file.</doc>
<msg timestamp="20200113 14:01:53.532" level="INFO" html="yes">&lt;/td&gt;&lt;/tr&gt;&lt;tr&gt;&lt;td colspan="3"&gt;&lt;a href="selenium-screenshot-14.png"&gt;&lt;img src="selenium-screenshot-14.png" width="800px"&gt;&lt;/a&gt;</msg>
<status status="PASS" starttime="20200113 14:01:53.028" endtime="20200113 14:01:53.532"></status>
</kw>
<kw name="Open Browser" library="SeleniumLibrary">
<doc>Opens a new browser instance to the optional ``url``.</doc>
<arguments>
<arg>https://www.skype.com/en/</arg>
<arg>headlesschrome</arg>
</arguments>
<msg timestamp="20200113 14:01:53.532" level="INFO">Opening browser 'headlesschrome' to base url 'https://www.skype.com/en/'.</msg>
<status status="PASS" starttime="20200113 14:01:53.532" endtime="20200113 14:02:02.920"></status>
</kw>
<kw name="Maximize Browser Window" library="SeleniumLibrary">
<doc>Maximizes current browser window.</doc>
<status status="PASS" starttime="20200113 14:02:02.920" endtime="20200113 14:02:07.057"></status>
</kw>
<kw name="Sleep" library="BuiltIn">
<doc>Pauses the test executed for the given time.</doc>
<arguments>
<arg>30</arg>
</arguments>
<msg timestamp="20200113 14:02:37.061" level="INFO">Slept 30 seconds</msg>
<status status="PASS" starttime="20200113 14:02:07.058" endtime="20200113 14:02:37.061"></status>
</kw>
<kw name="Capture Page Screenshot" library="SeleniumLibrary">
<doc>Takes a screenshot of the current page and embeds it into a log file.</doc>
<msg timestamp="20200113 14:02:37.499" level="INFO" html="yes">&lt;/td&gt;&lt;/tr&gt;&lt;tr&gt;&lt;td colspan="3"&gt;&lt;a href="selenium-screenshot-15.png"&gt;&lt;img src="selenium-screenshot-15.png" width="800px"&gt;&lt;/a&gt;</msg>
<status status="PASS" starttime="20200113 14:02:37.062" endtime="20200113 14:02:37.500"></status>
</kw>
<kw name="Wait Until Page Contains" library="SeleniumLibrary">
<doc>Waits until ``text`` appears on the current page.</doc>
<arguments>
<arg>Skype</arg>
</arguments>
<status status="PASS" starttime="20200113 14:02:37.500" endtime="20200113 14:02:37.534"></status>
</kw>
<kw name="Capture Page Screenshot" library="SeleniumLibrary">
<doc>Takes a screenshot of the current page and embeds it into a log file.</doc>
<msg timestamp="20200113 14:02:37.871" level="INFO" html="yes">&lt;/td&gt;&lt;/tr&gt;&lt;tr&gt;&lt;td colspan="3"&gt;&lt;a href="selenium-screenshot-16.png"&gt;&lt;img src="selenium-screenshot-16.png" width="800px"&gt;&lt;/a&gt;</msg>
<status status="PASS" starttime="20200113 14:02:37.534" endtime="20200113 14:02:37.871"></status>
</kw>
<status status="PASS" starttime="20200113 14:01:31.205" endtime="20200113 14:02:37.871" critical="yes"></status>
</test>
<status status="PASS" starttime="20200113 14:01:30.914" endtime="20200113 14:02:37.880"></status>
</suite>
<statistics>
<total>
<stat pass="1" fail="0">Critical Tests</stat>
<stat pass="1" fail="0">All Tests</stat>
</total>
<tag>
</tag>
<suite>
<stat pass="1" fail="0" id="s1" name="Headlessrobot">Headlessrobot</stat>
</suite>
</statistics>
<errors>
</errors>
</robot>
